<?xml version="1.0" encoding="UTF-8"?>
<!-- Generated by org.testng.reporters.JUnitReportReporter -->
<testsuite hostname="DESKTOP-21P2HHG" name="com.testing.MavenWindowsGit.TestScripts" tests="1" failures="0" timestamp="16 Apr 2018 00:34:33 GMT" time="20.643" errors="0">
  <testcase name="Login_SFDC_02" time="20.643" classname="com.testing.MavenWindowsGit.TestScripts"/>
</testsuite> <!-- com.testing.MavenWindowsGit.TestScripts -->
